This is pdfTeX, Version 3.141592653-2.6-1.40.22 (TeX Live 2022/dev/Debian) (preloaded format=pdflatex 2024.11.1)  5 NOV 2024 23:31
entering extended mode
 restricted \write18 enabled.
 file:line:error style messages enabled.
 %&-line parsing enabled.
**/home/kevin/FYS4580_PROJECT/Report/Project.tex
(/home/kevin/FYS4580_PROJECT/Report/Project.tex
LaTeX2e <2021-11-15> patch level 1
L3 programming layer <2022-01-21> (/usr/share/texlive/texmf-dist/tex/latex/base/article.cls
Document Class: article 2021/10/04 v1.4n Standard LaTeX document class
(/usr/share/texlive/texmf-dist/tex/latex/base/size10.clo
File: size10.clo 2021/10/04 v1.4n Standard LaTeX file (size option)
)
\c@part=\count185
\c@section=\count186
\c@subsection=\count187
\c@subsubsection=\count188
\c@paragraph=\count189
\c@subparagraph=\count190
\c@figure=\count191
\c@table=\count192
\abovecaptionskip=\skip47
\belowcaptionskip=\skip48
\bibindent=\dimen138
) (/usr/share/texlive/texmf-dist/tex/latex/graphics/graphicx.sty
Package: graphicx 2021/09/16 v1.2d Enhanced LaTeX Graphics (DPC,SPQR)
 (/usr/share/texlive/texmf-dist/tex/latex/graphics/keyval.sty
Package: keyval 2014/10/28 v1.15 key=value parser (DPC)
\KV@toks@=\toks16
) (/usr/share/texlive/texmf-dist/tex/latex/graphics/graphics.sty
Package: graphics 2021/03/04 v1.4d Standard LaTeX Graphics (DPC,SPQR)
 (/usr/share/texlive/texmf-dist/tex/latex/graphics/trig.sty
Package: trig 2021/08/11 v1.11 sin cos tan (DPC)
) (/usr/share/texlive/texmf-dist/tex/latex/graphics-cfg/graphics.cfg
File: graphics.cfg 2016/06/04 v1.11 sample graphics configuration
)
Package graphics Info: Driver file: pdftex.def on input line 107.
 (/usr/share/texlive/texmf-dist/tex/latex/graphics-def/pdftex.def
File: pdftex.def 2020/10/05 v1.2a Graphics/color driver for pdftex
))
\Gin@req@height=\dimen139
\Gin@req@width=\dimen140
) (/usr/share/texlive/texmf-dist/tex/latex/amsmath/amsmath.sty
Package: amsmath 2021/10/15 v2.17l AMS math features
\@mathmargin=\skip49

For additional information on amsmath, use the `?' option.
(/usr/share/texlive/texmf-dist/tex/latex/amsmath/amstext.sty
Package: amstext 2021/08/26 v2.01 AMS text
 (/usr/share/texlive/texmf-dist/tex/latex/amsmath/amsgen.sty
File: amsgen.sty 1999/11/30 v2.0 generic functions
\@emptytoks=\toks17
\ex@=\dimen141
)) (/usr/share/texlive/texmf-dist/tex/latex/amsmath/amsbsy.sty
Package: amsbsy 1999/11/29 v1.2d Bold Symbols
\pmbraise@=\dimen142
) (/usr/share/texlive/texmf-dist/tex/latex/amsmath/amsopn.sty
Package: amsopn 2021/08/26 v2.02 operator names
)
\inf@bad=\count193
LaTeX Info: Redefining \frac on input line 234.
\uproot@=\count194
\leftroot@=\count195
LaTeX Info: Redefining \overline on input line 399.
\classnum@=\count196
\DOTSCASE@=\count197
LaTeX Info: Redefining \ldots on input line 496.
LaTeX Info: Redefining \dots on input line 499.
LaTeX Info: Redefining \cdots on input line 620.
\Mathstrutbox@=\box50
\strutbox@=\box51
\big@size=\dimen143
LaTeX Font Info:    Redeclaring font encoding OML on input line 743.
LaTeX Font Info:    Redeclaring font encoding OMS on input line 744.
\macc@depth=\count198
\c@MaxMatrixCols=\count199
\dotsspace@=\muskip16
\c@parentequation=\count266
\dspbrk@lvl=\count267
\tag@help=\toks18
\row@=\count268
\column@=\count269
\maxfields@=\count270
\andhelp@=\toks19
\eqnshift@=\dimen144
\alignsep@=\dimen145
\tagshift@=\dimen146
\tagwidth@=\dimen147
\totwidth@=\dimen148
\lineht@=\dimen149
\@envbody=\toks20
\multlinegap=\skip50
\multlinetaggap=\skip51
\mathdisplay@stack=\toks21
LaTeX Info: Redefining \[ on input line 2938.
LaTeX Info: Redefining \] on input line 2939.
) (/usr/share/texlive/texmf-dist/tex/latex/carlisle/slashed.sty
Package: slashed 1997/01/16 v0.01 Feynman Slashed Character Notation (DPC)
) (/usr/share/texlive/texmf-dist/tex/latex/tools/enumerate.sty
Package: enumerate 2015/07/23 v3.00 enumerate extensions (DPC)
\@enLab=\toks22
) (/usr/share/texlive/texmf-dist/tex/latex/hyperref/hyperref.sty
Package: hyperref 2021-06-07 v7.00m Hypertext links for LaTeX
 (/usr/share/texlive/texmf-dist/tex/generic/ltxcmds/ltxcmds.sty
Package: ltxcmds 2020-05-10 v1.25 LaTeX kernel commands for general use (HO)
) (/usr/share/texlive/texmf-dist/tex/generic/iftex/iftex.sty
Package: iftex 2020/03/06 v1.0d TeX engine tests
) (/usr/share/texlive/texmf-dist/tex/generic/pdftexcmds/pdftexcmds.sty
Package: pdftexcmds 2020-06-27 v0.33 Utility functions of pdfTeX for LuaTeX (HO)
 (/usr/share/texlive/texmf-dist/tex/generic/infwarerr/infwarerr.sty
Package: infwarerr 2019/12/03 v1.5 Providing info/warning/error messages (HO)
)
Package pdftexcmds Info: \pdf@primitive is available.
Package pdftexcmds Info: \pdf@ifprimitive is available.
Package pdftexcmds Info: \pdfdraftmode found.
) (/usr/share/texlive/texmf-dist/tex/generic/kvsetkeys/kvsetkeys.sty
Package: kvsetkeys 2019/12/15 v1.18 Key value parser (HO)
) (/usr/share/texlive/texmf-dist/tex/generic/kvdefinekeys/kvdefinekeys.sty
Package: kvdefinekeys 2019-12-19 v1.6 Define keys (HO)
) (/usr/share/texlive/texmf-dist/tex/generic/pdfescape/pdfescape.sty
Package: pdfescape 2019/12/09 v1.15 Implements pdfTeX's escape features (HO)
) (/usr/share/texlive/texmf-dist/tex/latex/hycolor/hycolor.sty
Package: hycolor 2020-01-27 v1.10 Color options for hyperref/bookmark (HO)
) (/usr/share/texlive/texmf-dist/tex/latex/letltxmacro/letltxmacro.sty
Package: letltxmacro 2019/12/03 v1.6 Let assignment for LaTeX macros (HO)
) (/usr/share/texlive/texmf-dist/tex/latex/auxhook/auxhook.sty
Package: auxhook 2019-12-17 v1.6 Hooks for auxiliary files (HO)
) (/usr/share/texlive/texmf-dist/tex/latex/kvoptions/kvoptions.sty
Package: kvoptions 2020-10-07 v3.14 Key value format for package options (HO)
)
\@linkdim=\dimen150
\Hy@linkcounter=\count271
\Hy@pagecounter=\count272
 (/usr/share/texlive/texmf-dist/tex/latex/hyperref/pd1enc.def
File: pd1enc.def 2021-06-07 v7.00m Hyperref: PDFDocEncoding definition (HO)
Now handling font encoding PD1 ...
... no UTF-8 mapping file for font encoding PD1
) (/usr/share/texlive/texmf-dist/tex/latex/hyperref/hyperref-langpatches.def
File: hyperref-langpatches.def 2021-06-07 v7.00m Hyperref: patches for babel languages
) (/usr/share/texlive/texmf-dist/tex/generic/intcalc/intcalc.sty
Package: intcalc 2019/12/15 v1.3 Expandable calculations with integers (HO)
) (/usr/share/texlive/texmf-dist/tex/generic/etexcmds/etexcmds.sty
Package: etexcmds 2019/12/15 v1.7 Avoid name clashes with e-TeX commands (HO)
)
\Hy@SavedSpaceFactor=\count273
 (/usr/share/texlive/texmf-dist/tex/latex/hyperref/puenc.def
File: puenc.def 2021-06-07 v7.00m Hyperref: PDF Unicode definition (HO)
Now handling font encoding PU ...
... no UTF-8 mapping file for font encoding PU
)
Package hyperref Info: Hyper figures OFF on input line 4192.
Package hyperref Info: Link nesting OFF on input line 4197.
Package hyperref Info: Hyper index ON on input line 4200.
Package hyperref Info: Plain pages OFF on input line 4207.
Package hyperref Info: Backreferencing OFF on input line 4212.
Package hyperref Info: Implicit mode ON; LaTeX internals redefined.
Package hyperref Info: Bookmarks ON on input line 4445.
\c@Hy@tempcnt=\count274
 (/usr/share/texlive/texmf-dist/tex/latex/url/url.sty
\Urlmuskip=\muskip17
Package: url 2013/09/16  ver 3.4  Verb mode for urls, etc.
)
LaTeX Info: Redefining \url on input line 4804.
\XeTeXLinkMargin=\dimen151
 (/usr/share/texlive/texmf-dist/tex/generic/bitset/bitset.sty
Package: bitset 2019/12/09 v1.3 Handle bit-vector datatype (HO)
 (/usr/share/texlive/texmf-dist/tex/generic/bigintcalc/bigintcalc.sty
Package: bigintcalc 2019/12/15 v1.5 Expandable calculations on big integers (HO)
))
\Fld@menulength=\count275
\Field@Width=\dimen152
\Fld@charsize=\dimen153
Package hyperref Info: Hyper figures OFF on input line 6076.
Package hyperref Info: Link nesting OFF on input line 6081.
Package hyperref Info: Hyper index ON on input line 6084.
Package hyperref Info: backreferencing OFF on input line 6091.
Package hyperref Info: Link coloring OFF on input line 6096.
Package hyperref Info: Link coloring with OCG OFF on input line 6101.
Package hyperref Info: PDF/A mode OFF on input line 6106.
LaTeX Info: Redefining \ref on input line 6146.
LaTeX Info: Redefining \pageref on input line 6150.
 (/usr/share/texlive/texmf-dist/tex/latex/base/atbegshi-ltx.sty
Package: atbegshi-ltx 2021/01/10 v1.0c Emulation of the original atbegshi
package with kernel methods
)
\Hy@abspage=\count276
\c@Item=\count277
\c@Hfootnote=\count278
)
Package hyperref Info: Driver (autodetected): hpdftex.
 (/usr/share/texlive/texmf-dist/tex/latex/hyperref/hpdftex.def
File: hpdftex.def 2021-06-07 v7.00m Hyperref driver for pdfTeX
 (/usr/share/texlive/texmf-dist/tex/latex/base/atveryend-ltx.sty
Package: atveryend-ltx 2020/08/19 v1.0a Emulation of the original atveryend package
with kernel methods
)
\Fld@listcount=\count279
\c@bookmark@seq@number=\count280
 (/usr/share/texlive/texmf-dist/tex/latex/rerunfilecheck/rerunfilecheck.sty
Package: rerunfilecheck 2019/12/05 v1.9 Rerun checks for auxiliary files (HO)
 (/usr/share/texlive/texmf-dist/tex/generic/uniquecounter/uniquecounter.sty
Package: uniquecounter 2019/12/15 v1.4 Provide unlimited unique counter (HO)
)
Package uniquecounter Info: New unique counter `rerunfilecheck' on input line 286.
)
\Hy@SectionHShift=\skip52
) (/usr/share/texlive/texmf-dist/tex/latex/tools/array.sty
Package: array 2021/10/04 v2.5f Tabular extension package (FMi)
\col@sep=\dimen154
\ar@mcellbox=\box52
\extrarowheight=\dimen155
\NC@list=\toks23
\extratabsurround=\skip53
\backup@length=\skip54
\ar@cellbox=\box53
) (/usr/share/texlive/texmf-dist/tex/latex/multirow/multirow.sty
Package: multirow 2021/03/15 v2.8 Span multiple rows of a table
\multirow@colwidth=\skip55
\multirow@cntb=\count281
\multirow@dima=\skip56
\bigstrutjot=\dimen156
) (/usr/share/texlive/texmf-dist/tex/latex/lipsum/lipsum.sty (/usr/share/texlive/texmf-dist/tex/latex/l3packages/l3keys2e/l3keys2e.sty (/usr/share/texlive/texmf-dist/tex/latex/l3kernel/expl3.sty
Package: expl3 2022-01-21 L3 programming layer (loader) 
 (/usr/share/texlive/texmf-dist/tex/latex/l3backend/l3backend-pdftex.def
File: l3backend-pdftex.def 2022-01-12 L3 backend support: PDF output (pdfTeX)
\l__color_backend_stack_int=\count282
\l__pdf_internal_box=\box54
))
Package: l3keys2e 2022-01-12 LaTeX2e option processing using LaTeX3 keys
)
Package: lipsum 2021-09-20 v2.7 150 paragraphs of Lorem Ipsum dummy text
\g__lipsum_par_int=\count283
\l__lipsum_a_int=\count284
\l__lipsum_b_int=\count285
 (/usr/share/texlive/texmf-dist/tex/latex/lipsum/lipsum.ltd.tex)) (/usr/share/texlive/texmf-dist/tex/latex/tools/multicol.sty
Package: multicol 2021/10/28 v1.9b multicolumn formatting (FMi)
\c@tracingmulticols=\count286


Package multicol Warning: May not work with the twocolumn option on input line 142.

\mult@box=\box55
\multicol@leftmargin=\dimen157
\c@unbalance=\count287
\c@collectmore=\count288
\doublecol@number=\count289
\multicoltolerance=\count290
\multicolpretolerance=\count291
\full@width=\dimen158
\page@free=\dimen159
\premulticols=\dimen160
\postmulticols=\dimen161
\multicolsep=\skip57
\multicolbaselineskip=\skip58
\partial@page=\box56
\last@line=\box57
\maxbalancingoverflow=\dimen162
\mult@rightbox=\box58
\mult@grightbox=\box59
\mult@firstbox=\box60
\mult@gfirstbox=\box61
\@tempa=\box62
\@tempa=\box63
\@tempa=\box64
\@tempa=\box65
\@tempa=\box66
\@tempa=\box67
\@tempa=\box68
\@tempa=\box69
\@tempa=\box70
\@tempa=\box71
\@tempa=\box72
\@tempa=\box73
\@tempa=\box74
\@tempa=\box75
\@tempa=\box76
\@tempa=\box77
\@tempa=\box78
\@tempa=\box79
\@tempa=\box80
\@tempa=\box81
\@tempa=\box82
\@tempa=\box83
\@tempa=\box84
\@tempa=\box85
\@tempa=\box86
\@tempa=\box87
\@tempa=\box88
\@tempa=\box89
\@tempa=\box90
\@tempa=\box91
\@tempa=\box92
\@tempa=\box93
\@tempa=\box94
\@tempa=\box95
\@tempa=\box96
\@tempa=\box97
\c@minrows=\count292
\c@columnbadness=\count293
\c@finalcolumnbadness=\count294
\last@try=\dimen163
\multicolovershoot=\dimen164
\multicolundershoot=\dimen165
\mult@nat@firstbox=\box98
\colbreak@box=\box99
\mc@col@check@num=\count295
) (/usr/share/texlive/texmf-dist/tex/latex/dirtytalk/dirtytalk.sty
Package: dirtytalk 2010/11/21 A package making "quoting" easier
 (/usr/share/texlive/texmf-dist/tex/latex/base/ifthen.sty
Package: ifthen 2020/11/24 v1.1c Standard LaTeX ifthen package (DPC)
)
\c@dirtytalk@qdepth=\count296
) (./Project.aux)
\openout1 = `Project.aux'.

LaTeX Font Info:    Checking defaults for OML/cmm/m/it on input line 33.
LaTeX Font Info:    ... okay on input line 33.
LaTeX Font Info:    Checking defaults for OMS/cmsy/m/n on input line 33.
LaTeX Font Info:    ... okay on input line 33.
LaTeX Font Info:    Checking defaults for OT1/cmr/m/n on input line 33.
LaTeX Font Info:    ... okay on input line 33.
LaTeX Font Info:    Checking defaults for T1/cmr/m/n on input line 33.
LaTeX Font Info:    ... okay on input line 33.
LaTeX Font Info:    Checking defaults for TS1/cmr/m/n on input line 33.
LaTeX Font Info:    ... okay on input line 33.
LaTeX Font Info:    Checking defaults for OMX/cmex/m/n on input line 33.
LaTeX Font Info:    ... okay on input line 33.
LaTeX Font Info:    Checking defaults for U/cmr/m/n on input line 33.
LaTeX Font Info:    ... okay on input line 33.
LaTeX Font Info:    Checking defaults for PD1/pdf/m/n on input line 33.
LaTeX Font Info:    ... okay on input line 33.
LaTeX Font Info:    Checking defaults for PU/pdf/m/n on input line 33.
LaTeX Font Info:    ... okay on input line 33.
 (/usr/share/texlive/texmf-dist/tex/context/base/mkii/supp-pdf.mkii
[Loading MPS to PDF converter (version 2006.09.02).]
\scratchcounter=\count297
\scratchdimen=\dimen166
\scratchbox=\box100
\nofMPsegments=\count298
\nofMParguments=\count299
\everyMPshowfont=\toks24
\MPscratchCnt=\count300
\MPscratchDim=\dimen167
\MPnumerator=\count301
\makeMPintoPDFobject=\count302
\everyMPtoPDFconversion=\toks25
) (/usr/share/texlive/texmf-dist/tex/latex/epstopdf-pkg/epstopdf-base.sty
Package: epstopdf-base 2020-01-24 v2.11 Base part for package epstopdf
Package epstopdf-base Info: Redefining graphics rule for `.eps' on input line 485.
 (/usr/share/texlive/texmf-dist/tex/latex/latexconfig/epstopdf-sys.cfg
File: epstopdf-sys.cfg 2010/07/13 v1.3 Configuration of (r)epstopdf for TeX Live
))
Package hyperref Info: Link coloring OFF on input line 33.
 (/usr/share/texlive/texmf-dist/tex/latex/hyperref/nameref.sty
Package: nameref 2021-04-02 v2.47 Cross-referencing by name of section
 (/usr/share/texlive/texmf-dist/tex/latex/refcount/refcount.sty
Package: refcount 2019/12/15 v3.6 Data extraction from label references (HO)
) (/usr/share/texlive/texmf-dist/tex/generic/gettitlestring/gettitlestring.sty
Package: gettitlestring 2019/12/15 v1.6 Cleanup title references (HO)
)
\c@section@level=\count303
)
LaTeX Info: Redefining \ref on input line 33.
LaTeX Info: Redefining \pageref on input line 33.
LaTeX Info: Redefining \nameref on input line 33.
 (./Project.out) (./Project.out)
\@outlinefile=\write3
\openout3 = `Project.out'.


Underfull \vbox (badness 10000) has occurred while \output is active []

 [1{/var/lib/texmf/fonts/map/pdftex/updmap/pdftex.map}


]
<../Pictures/Fuelrods_plot_xy.png, id=66, 5594.4207pt x 5631.2784pt>
File: ../Pictures/Fuelrods_plot_xy.png Graphic file (type png)
<use ../Pictures/Fuelrods_plot_xy.png>
Package pdftex.def Info: ../Pictures/Fuelrods_plot_xy.png  used on input line 78.
(pdftex.def)             Requested size: 192.17816pt x 193.42004pt.
<../Pictures/Fuelrods_plot_yz.png, id=68, 5594.4207pt x 5631.2784pt>
File: ../Pictures/Fuelrods_plot_yz.png Graphic file (type png)
<use ../Pictures/Fuelrods_plot_yz.png>
Package pdftex.def Info: ../Pictures/Fuelrods_plot_yz.png  used on input line 86.
(pdftex.def)             Requested size: 192.17816pt x 193.42004pt.

Overfull \hbox (0.78923pt too wide) in paragraph at lines 127--128
[]|\OT1/cmr/m/n/10 0.001293|  
 []


Underfull \vbox (badness 5359) has occurred while \output is active []

 [2 <../Pictures/Fuelrods_plot_xy.png> <../Pictures/Fuelrods_plot_yz.png>]
<../Pictures/f_Assembly_Universe_plot_xy.png, id=97, 5594.4207pt x 5631.2784pt>
File: ../Pictures/f_Assembly_Universe_plot_xy.png Graphic file (type png)
<use ../Pictures/f_Assembly_Universe_plot_xy.png>
Package pdftex.def Info: ../Pictures/f_Assembly_Universe_plot_xy.png  used on input line 140.
(pdftex.def)             Requested size: 192.17816pt x 193.42004pt.
<../Pictures/f_Assembly_Universe_plot_yz.png, id=98, 5594.4207pt x 5631.2784pt>
File: ../Pictures/f_Assembly_Universe_plot_yz.png Graphic file (type png)
<use ../Pictures/f_Assembly_Universe_plot_yz.png>
Package pdftex.def Info: ../Pictures/f_Assembly_Universe_plot_yz.png  used on input line 148.
(pdftex.def)             Requested size: 192.17816pt x 193.42004pt.
<../Pictures/RPV_Universe_plot_xy.png, id=101, 5594.4207pt x 5631.2784pt>
File: ../Pictures/RPV_Universe_plot_xy.png Graphic file (type png)
<use ../Pictures/RPV_Universe_plot_xy.png>
Package pdftex.def Info: ../Pictures/RPV_Universe_plot_xy.png  used on input line 159.
(pdftex.def)             Requested size: 192.17816pt x 193.42004pt.
<../Pictures/RPV_Universe_plot_yz.png, id=102, 5594.4207pt x 5631.2784pt>
File: ../Pictures/RPV_Universe_plot_yz.png Graphic file (type png)
<use ../Pictures/RPV_Universe_plot_yz.png>
Package pdftex.def Info: ../Pictures/RPV_Universe_plot_yz.png  used on input line 167.
(pdftex.def)             Requested size: 192.17816pt x 193.42004pt.

Underfull \hbox (badness 10000) in paragraph at lines 173--173

 []

[3 <../Pictures/f_Assembly_Universe_plot_xy.png> <../Pictures/f_Assembly_Universe_plot_yz.png> <../Pictures/RPV_Universe_plot_xy.png> <../Pictures/RPV_Universe_plot_yz.png>]
Underfull \hbox (badness 1424) in paragraph at lines 180--181
\OT1/cmr/m/n/10 value of the neu-tron mul-ti-pli-ca-tion num-ber, i.e.
 []


Underfull \hbox (badness 10000) in paragraph at lines 180--181

 []

<../Pin_Cell/Mesh_Fuel_Pin_Cell_Vacuum.png, id=118, 1156.32pt x 867.24pt>
File: ../Pin_Cell/Mesh_Fuel_Pin_Cell_Vacuum.png Graphic file (type png)
<use ../Pin_Cell/Mesh_Fuel_Pin_Cell_Vacuum.png>
Package pdftex.def Info: ../Pin_Cell/Mesh_Fuel_Pin_Cell_Vacuum.png  used on input line 211.
(pdftex.def)             Requested size: 192.17816pt x 144.13383pt.
<../Pin_Cell/Mesh_Fuel_Pin_Cell_Reflective.png, id=119, 1156.32pt x 867.24pt>
File: ../Pin_Cell/Mesh_Fuel_Pin_Cell_Reflective.png Graphic file (type png)
<use ../Pin_Cell/Mesh_Fuel_Pin_Cell_Reflective.png>
Package pdftex.def Info: ../Pin_Cell/Mesh_Fuel_Pin_Cell_Reflective.png  used on input line 219.
(pdftex.def)             Requested size: 192.17816pt x 144.13383pt.

Underfull \hbox (badness 10000) in paragraph at lines 225--226

 []

<../Pin_Cell/Energy_Vacuum.png, id=122, 462.528pt x 346.896pt>
File: ../Pin_Cell/Energy_Vacuum.png Graphic file (type png)
<use ../Pin_Cell/Energy_Vacuum.png>
Package pdftex.def Info: ../Pin_Cell/Energy_Vacuum.png  used on input line 232.
(pdftex.def)             Requested size: 192.17816pt x 144.13382pt.
<../Pin_Cell/Energy_Reflective.png, id=123, 462.528pt x 346.896pt>
File: ../Pin_Cell/Energy_Reflective.png Graphic file (type png)
<use ../Pin_Cell/Energy_Reflective.png>
Package pdftex.def Info: ../Pin_Cell/Energy_Reflective.png  used on input line 240.
(pdftex.def)             Requested size: 192.17816pt x 144.13382pt.
[4 <../Pin_Cell/Mesh_Fuel_Pin_Cell_Vacuum.png> <../Pin_Cell/Mesh_Fuel_Pin_Cell_Reflective.png>]
Underfull \hbox (badness 10000) in paragraph at lines 271--272

 []


Underfull \hbox (badness 10000) in paragraph at lines 273--275

 []

<../Pin_Cell/Light_Water_kandf.png, id=141, 1156.32pt x 867.24pt>
File: ../Pin_Cell/Light_Water_kandf.png Graphic file (type png)
<use ../Pin_Cell/Light_Water_kandf.png>
Package pdftex.def Info: ../Pin_Cell/Light_Water_kandf.png  used on input line 281.
(pdftex.def)             Requested size: 192.17816pt x 144.13383pt.
[5 <../Pin_Cell/Energy_Vacuum.png> <../Pin_Cell/Energy_Reflective.png> <../Pin_Cell/Light_Water_kandf.png>]
<../Pictures/Mesh_RPV.png, id=156, 1156.32pt x 867.24pt>
File: ../Pictures/Mesh_RPV.png Graphic file (type png)
<use ../Pictures/Mesh_RPV.png>
Package pdftex.def Info: ../Pictures/Mesh_RPV.png  used on input line 297.
(pdftex.def)             Requested size: 192.17816pt x 144.13383pt.
<../Pictures/Energy.png, id=158, 462.528pt x 346.896pt>
File: ../Pictures/Energy.png Graphic file (type png)
<use ../Pictures/Energy.png>
Package pdftex.def Info: ../Pictures/Energy.png  used on input line 308.
(pdftex.def)             Requested size: 192.17816pt x 144.13382pt.
<../Pictures/Doppler.png, id=160, 1156.32pt x 867.24pt>
File: ../Pictures/Doppler.png Graphic file (type png)
<use ../Pictures/Doppler.png>
Package pdftex.def Info: ../Pictures/Doppler.png  used on input line 319.
(pdftex.def)             Requested size: 192.17816pt x 144.13383pt.
<../Pictures/Depletion_keff.png, id=162, 1156.32pt x 867.24pt>
File: ../Pictures/Depletion_keff.png Graphic file (type png)
<use ../Pictures/Depletion_keff.png>
Package pdftex.def Info: ../Pictures/Depletion_keff.png  used on input line 332.
(pdftex.def)             Requested size: 192.17816pt x 144.13383pt.
 [6 <../Pictures/Mesh_RPV.png> <../Pictures/Energy.png> <../Pictures/Doppler.png>]
<../Pictures/Depletion_FissionU235.png, id=178, 1156.32pt x 867.24pt>
File: ../Pictures/Depletion_FissionU235.png Graphic file (type png)
<use ../Pictures/Depletion_FissionU235.png>
Package pdftex.def Info: ../Pictures/Depletion_FissionU235.png  used on input line 343.
(pdftex.def)             Requested size: 192.17816pt x 144.13383pt.
<../Pictures/Depletion_U235_P239.png, id=179, 1156.32pt x 867.24pt>
File: ../Pictures/Depletion_U235_P239.png Graphic file (type png)
<use ../Pictures/Depletion_U235_P239.png>
Package pdftex.def Info: ../Pictures/Depletion_U235_P239.png  used on input line 351.
(pdftex.def)             Requested size: 192.17816pt x 144.13383pt.
<../Pictures/Depletion_Xe135_Sm149.png, id=180, 1156.32pt x 867.24pt>
File: ../Pictures/Depletion_Xe135_Sm149.png Graphic file (type png)
<use ../Pictures/Depletion_Xe135_Sm149.png>
Package pdftex.def Info: ../Pictures/Depletion_Xe135_Sm149.png  used on input line 362.
(pdftex.def)             Requested size: 192.17816pt x 144.13383pt.
 [7 <../Pictures/Depletion_keff.png> <../Pictures/Depletion_FissionU235.png> <../Pictures/Depletion_U235_P239.png> <../Pictures/Depletion_Xe135_Sm149.png>]
No file Project.bbl.

Underfull \hbox (badness 1616) in paragraph at lines 401--404
\OT1/cmr/m/n/9 ad-vanced nu-clear power plants, (p. 1675). Japan:
 []


Underfull \hbox (badness 2376) in paragraph at lines 401--404
\OT1/cmr/m/n/9 Kyoto, JAPAN. IAEA INIS) []$\OT1/cmtt/m/n/9 https : / / inis . iaea .
 []


Underfull \hbox (badness 10000) in paragraph at lines 401--404
\OT1/cmtt/m/n/9 org / search / searchsinglerecord . aspx ? recordsFor =
 []


Underfull \hbox (badness 10000) in paragraph at lines 406--408
[]$\OT1/cmtt/m/n/9 https : / / docs . openmc . org / en / v0 . 11 . 0 / examples /
 []


Underfull \hbox (badness 10000) in paragraph at lines 410--412
[]$\OT1/cmtt/m/n/9 https : / / docs . openmc . org / en / v0 . 12 . 2 / examples /
 []


Underfull \hbox (badness 2600) in paragraph at lines 414--416
[]\OT1/cmr/m/n/9 K. Hes-keth, \OT1/cmr/m/it/9 Ma-te-rial Prop-er-ties/Oxide Fu-els for
 []


Underfull \hbox (badness 1675) in paragraph at lines 414--416
\OT1/cmr/m/it/9 Light Wa-ter Re-ac-tors and Fast Neu-tron Re-ac-tors\OT1/cmr/m/n/9 ,
 []


Underfull \hbox (badness 10000) in paragraph at lines 414--416
[]$\OT1/cmtt/m/n/9 https : / / www . sciencedirect . com / topics /
 []


Underfull \hbox (badness 10000) in paragraph at lines 418--420
[]$\OT1/cmtt/m/n/9 https : / / github . com / KevinCappa / FYS4580 _ Project .
 []

[8]
<../Pictures/Burnablefuelrods_plot_xy.png, id=216, 5594.4207pt x 5631.2784pt>
File: ../Pictures/Burnablefuelrods_plot_xy.png Graphic file (type png)
<use ../Pictures/Burnablefuelrods_plot_xy.png>
Package pdftex.def Info: ../Pictures/Burnablefuelrods_plot_xy.png  used on input line 438.
(pdftex.def)             Requested size: 144.13728pt x 145.04355pt.
<../Pictures/Burnablefuelrods_plot_yz.png, id=217, 5594.4207pt x 5631.2784pt>
File: ../Pictures/Burnablefuelrods_plot_yz.png Graphic file (type png)
<use ../Pictures/Burnablefuelrods_plot_yz.png>
Package pdftex.def Info: ../Pictures/Burnablefuelrods_plot_yz.png  used on input line 445.
(pdftex.def)             Requested size: 144.13728pt x 145.04355pt.
<../Pictures/Controlrods_plot_xy.png, id=218, 5594.4207pt x 5631.2784pt>
File: ../Pictures/Controlrods_plot_xy.png Graphic file (type png)
<use ../Pictures/Controlrods_plot_xy.png>
Package pdftex.def Info: ../Pictures/Controlrods_plot_xy.png  used on input line 452.
(pdftex.def)             Requested size: 144.13728pt x 145.04355pt.
<../Pictures/Controlrods_plot_yz.png, id=219, 5594.4207pt x 5631.2784pt>
File: ../Pictures/Controlrods_plot_yz.png Graphic file (type png)
<use ../Pictures/Controlrods_plot_yz.png>
Package pdftex.def Info: ../Pictures/Controlrods_plot_yz.png  used on input line 459.
(pdftex.def)             Requested size: 144.13728pt x 145.04355pt.
<../Pictures/Thimbleguides_plot_xy.png, id=220, 5594.4207pt x 5631.2784pt>
File: ../Pictures/Thimbleguides_plot_xy.png Graphic file (type png)
<use ../Pictures/Thimbleguides_plot_xy.png>
Package pdftex.def Info: ../Pictures/Thimbleguides_plot_xy.png  used on input line 466.
(pdftex.def)             Requested size: 144.13728pt x 145.04355pt.
<../Pictures/Thimbleguides_plot_yz.png, id=221, 5594.4207pt x 5631.2784pt>
File: ../Pictures/Thimbleguides_plot_yz.png Graphic file (type png)
<use ../Pictures/Thimbleguides_plot_yz.png>
Package pdftex.def Info: ../Pictures/Thimbleguides_plot_yz.png  used on input line 473.
(pdftex.def)             Requested size: 144.13728pt x 145.04355pt.
<../Pin_Cell/Light_Water.png, id=222, 1156.32pt x 867.24pt>
File: ../Pin_Cell/Light_Water.png Graphic file (type png)
<use ../Pin_Cell/Light_Water.png>
Package pdftex.def Info: ../Pin_Cell/Light_Water.png  used on input line 480.
(pdftex.def)             Requested size: 168.16139pt x 126.11049pt.
<../Pin_Cell/Heavy_Water.png, id=223, 1156.32pt x 867.24pt>
File: ../Pin_Cell/Heavy_Water.png Graphic file (type png)
<use ../Pin_Cell/Heavy_Water.png>
Package pdftex.def Info: ../Pin_Cell/Heavy_Water.png  used on input line 487.
(pdftex.def)             Requested size: 168.16139pt x 126.11049pt.
<../Pin_Cell/Graphite.png, id=224, 1156.32pt x 867.24pt>
File: ../Pin_Cell/Graphite.png Graphic file (type png)
<use ../Pin_Cell/Graphite.png>
Package pdftex.def Info: ../Pin_Cell/Graphite.png  used on input line 494.
(pdftex.def)             Requested size: 168.16139pt x 126.11049pt.
<../Pictures/Mesh_Fuel_Pin_Cell.png, id=225, 1156.32pt x 867.24pt>
File: ../Pictures/Mesh_Fuel_Pin_Cell.png Graphic file (type png)
<use ../Pictures/Mesh_Fuel_Pin_Cell.png>
Package pdftex.def Info: ../Pictures/Mesh_Fuel_Pin_Cell.png  used on input line 501.
(pdftex.def)             Requested size: 192.17816pt x 144.13383pt.
<../Pictures/Mesh_Burnable_Fuel_Pin_Cell.png, id=226, 1156.32pt x 867.24pt>
File: ../Pictures/Mesh_Burnable_Fuel_Pin_Cell.png Graphic file (type png)
<use ../Pictures/Mesh_Burnable_Fuel_Pin_Cell.png>
Package pdftex.def Info: ../Pictures/Mesh_Burnable_Fuel_Pin_Cell.png  used on input line 508.
(pdftex.def)             Requested size: 192.17816pt x 144.13383pt.
<../Pictures/Mesh_Control_Pin_Cell.png, id=227, 1156.32pt x 867.24pt>
File: ../Pictures/Mesh_Control_Pin_Cell.png Graphic file (type png)
<use ../Pictures/Mesh_Control_Pin_Cell.png>
Package pdftex.def Info: ../Pictures/Mesh_Control_Pin_Cell.png  used on input line 515.
(pdftex.def)             Requested size: 192.17816pt x 144.13383pt.
<../Pictures/Doppler_Five.png, id=228, 1156.32pt x 867.24pt>
File: ../Pictures/Doppler_Five.png Graphic file (type png)
<use ../Pictures/Doppler_Five.png>
Package pdftex.def Info: ../Pictures/Doppler_Five.png  used on input line 522.
(pdftex.def)             Requested size: 192.17816pt x 144.13383pt.
<../Pictures/Depletion_U238_Pu241.png, id=229, 1156.32pt x 867.24pt>
File: ../Pictures/Depletion_U238_Pu241.png Graphic file (type png)
<use ../Pictures/Depletion_U238_Pu241.png>
Package pdftex.def Info: ../Pictures/Depletion_U238_Pu241.png  used on input line 529.
(pdftex.def)             Requested size: 192.17816pt x 144.13383pt.
<../Pictures/Depletion_Fission.png, id=230, 1156.32pt x 867.24pt>
File: ../Pictures/Depletion_Fission.png Graphic file (type png)
<use ../Pictures/Depletion_Fission.png>
Package pdftex.def Info: ../Pictures/Depletion_Fission.png  used on input line 536.
(pdftex.def)             Requested size: 192.17816pt x 144.13383pt.
 [9

 <../Pictures/Burnablefuelrods_plot_xy.png> <../Pictures/Burnablefuelrods_plot_yz.png> <../Pictures/Controlrods_plot_xy.png> <../Pictures/Controlrods_plot_yz.png> <../Pictures/Thimbleguides_plot_xy.png>] [10 <../Pictures/Thimbleguides_plot_yz.png> <../Pin_Cell/Light_Water.png> <../Pin_Cell/Heavy_Water.png> <../Pin_Cell/Graphite.png> <../Pictures/Mesh_Fuel_Pin_Cell.png> <../Pictures/Mesh_Burnable_Fuel_Pin_Cell.png>] [11 <../Pictures/Mesh_Control_Pin_Cell.png> <../Pictures/Doppler_Five.png> <../Pictures/Depletion_U238_Pu241.png> <../Pictures/Depletion_Fission.png>] (./Project.aux)
Package rerunfilecheck Info: File `Project.out' has not changed.
(rerunfilecheck)             Checksum: B1327F3375CE023CB569944F2844E923;1231.
 ) 
Here is how much of TeX's memory you used:
 10044 strings out of 478287
 166422 string characters out of 5849289
 553083 words of memory out of 5000000
 28007 multiletter control sequences out of 15000+600000
 476590 words of font info for 54 fonts, out of 8000000 for 9000
 1141 hyphenation exceptions out of 8191
 68i,11n,77p,1916b,350s stack positions out of 5000i,500n,10000p,200000b,80000s
</usr/share/texlive/texmf-dist/fonts/type1/public/amsfonts/cm/cmbx12.pfb></usr/share/texlive/texmf-dist/fonts/type1/public/amsfonts/cm/cmbx9.pfb></usr/share/texlive/texmf-dist/fonts/type1/public/amsfonts/cm/cmmi10.pfb></usr/share/texlive/texmf-dist/fonts/type1/public/amsfonts/cm/cmmi7.pfb></usr/share/texlive/texmf-dist/fonts/type1/public/amsfonts/cm/cmr10.pfb></usr/share/texlive/texmf-dist/fonts/type1/public/amsfonts/cm/cmr12.pfb></usr/share/texlive/texmf-dist/fonts/type1/public/amsfonts/cm/cmr17.pfb></usr/share/texlive/texmf-dist/fonts/type1/public/amsfonts/cm/cmr7.pfb></usr/share/texlive/texmf-dist/fonts/type1/public/amsfonts/cm/cmr9.pfb></usr/share/texlive/texmf-dist/fonts/type1/public/amsfonts/cm/cmsy10.pfb></usr/share/texlive/texmf-dist/fonts/type1/public/amsfonts/cm/cmti9.pfb></usr/share/texlive/texmf-dist/fonts/type1/public/amsfonts/cm/cmtt9.pfb>
Output written on Project.pdf (11 pages, 16724104 bytes).
PDF statistics:
 333 PDF objects out of 1000 (max. 8388607)
 226 compressed objects within 3 object streams
 63 named destinations out of 1000 (max. 500000)
 230 words of extra memory for PDF output out of 10000 (max. 10000000)

